<?xml version="1.0" encoding="UTF-8"?>
<testng-results ignored="0" total="2" passed="2" failed="0" skipped="0">
  <reporter-output>
  </reporter-output>
  <suite started-at="2022-01-03T18:40:52 IST" name="Default suite" finished-at="2022-01-03T18:41:29 IST" duration-ms="37485">
    <groups>
      <group name="cucumber">
        <method signature="AbstractTestNGCucumberTests.runScenario(io.cucumber.testng.PickleWrapper,io.cucumber.testng.FeatureWrapper)[pri:0, instance:parallel.runner@55a147cc]" name="runScenario" class="io.cucumber.testng.AbstractTestNGCucumberTests"/>
      </group> <!-- cucumber -->
    </groups>
    <test started-at="2022-01-03T18:40:52 IST" name="Default test" finished-at="2022-01-03T18:41:29 IST" duration-ms="37485">
      <class name="parallel.runner">
        <test-method is-config="true" signature="setUpClass(org.testng.ITestContext)[pri:0, instance:parallel.runner@55a147cc]" started-at="2022-01-03T18:40:52 IST" name="setUpClass" finished-at="2022-01-03T18:40:53 IST" duration-ms="900" status="PASS">
          <params>
            <param index="0">
              <value>
                <![CDATA[org.testng.TestRunner@d02f8d]]>
              </value>
            </param>
          </params>
          <reporter-output>
          </reporter-output>
        </test-method> <!-- setUpClass -->
        <test-method signature="runScenario(io.cucumber.testng.PickleWrapper,io.cucumber.testng.FeatureWrapper)[pri:0, instance:parallel.runner@55a147cc]" started-at="2022-01-03T18:40:53 IST" name="runScenario" description="Runs Cucumber Scenarios" data-provider="scenarios" finished-at="2022-01-03T18:41:14 IST" duration-ms="21667" status="PASS">
          <params>
            <param index="0">
              <value>
                <![CDATA["Posting status message on Facebook"]]>
              </value>
            </param>
            <param index="1">
              <value>
                <![CDATA["Optional[Facebook Feature]"]]>
              </value>
            </param>
          </params>
          <reporter-output>
          </reporter-output>
        </test-method> <!-- runScenario -->
        <test-method signature="runScenario(io.cucumber.testng.PickleWrapper,io.cucumber.testng.FeatureWrapper)[pri:0, instance:parallel.runner@55a147cc]" started-at="2022-01-03T18:40:53 IST" name="runScenario" description="Runs Cucumber Scenarios" data-provider="scenarios" finished-at="2022-01-03T18:41:28 IST" duration-ms="34899" status="PASS">
          <params>
            <param index="0">
              <value>
                <![CDATA["Title of your scenario"]]>
              </value>
            </param>
            <param index="1">
              <value>
                <![CDATA["Optional[Title of your feature]"]]>
              </value>
            </param>
          </params>
          <reporter-output>
          </reporter-output>
        </test-method> <!-- runScenario -->
        <test-method is-config="true" signature="tearDownClass()[pri:0, instance:parallel.runner@55a147cc]" started-at="2022-01-03T18:41:28 IST" name="tearDownClass" finished-at="2022-01-03T18:41:29 IST" duration-ms="1633" status="PASS">
          <reporter-output>
          </reporter-output>
        </test-method> <!-- tearDownClass -->
      </class> <!-- parallel.runner -->
    </test> <!-- Default test -->
  </suite> <!-- Default suite -->
</testng-results>
